  stdafx.cpp
  IntBinaryTreeTests.cpp
c:\users\soundwave\desktop\collectiontest\collectiontest\collectiontest\intbinarytreetests.cpp(25): error C2665: 'Microsoft::VisualStudio::CppUnitTestFramework::Assert::AreEqual': none of the 8 overloads could convert all the argument types
  c:\program files (x86)\microsoft visual studio\2017\community\vc\auxiliary\vs\unittest\include\cppunittestassert.h(184): note: could be 'void Microsoft::VisualStudio::CppUnitTestFramework::Assert::AreEqual(const wchar_t *,const wchar_t *,bool,const wchar_t *,const Microsoft::VisualStudio::CppUnitTestFramework::__LineInfo *)'
  c:\program files (x86)\microsoft visual studio\2017\community\vc\auxiliary\vs\unittest\include\cppunittestassert.h(178): note: or       'void Microsoft::VisualStudio::CppUnitTestFramework::Assert::AreEqual(const wchar_t *,const wchar_t *,const wchar_t *,const Microsoft::VisualStudio::CppUnitTestFramework::__LineInfo *)'
  c:\program files (x86)\microsoft visual studio\2017\community\vc\auxiliary\vs\unittest\include\cppunittestassert.h(172): note: or       'void Microsoft::VisualStudio::CppUnitTestFramework::Assert::AreEqual(const wchar_t *,const wchar_t *,const char *,const Microsoft::VisualStudio::CppUnitTestFramework::__LineInfo *)'
  c:\program files (x86)\microsoft visual studio\2017\community\vc\auxiliary\vs\unittest\include\cppunittestassert.h(165): note: or       'void Microsoft::VisualStudio::CppUnitTestFramework::Assert::AreEqual(const char *,const char *,bool,const wchar_t *,const Microsoft::VisualStudio::CppUnitTestFramework::__LineInfo *)'
  c:\program files (x86)\microsoft visual studio\2017\community\vc\auxiliary\vs\unittest\include\cppunittestassert.h(159): note: or       'void Microsoft::VisualStudio::CppUnitTestFramework::Assert::AreEqual(const char *,const char *,const wchar_t *,const Microsoft::VisualStudio::CppUnitTestFramework::__LineInfo *)'
  c:\program files (x86)\microsoft visual studio\2017\community\vc\auxiliary\vs\unittest\include\cppunittestassert.h(153): note: or       'void Microsoft::VisualStudio::CppUnitTestFramework::Assert::AreEqual(const char *,const char *,const char *,const Microsoft::VisualStudio::CppUnitTestFramework::__LineInfo *)'
  c:\program files (x86)\microsoft visual studio\2017\community\vc\auxiliary\vs\unittest\include\cppunittestassert.h(146): note: or       'void Microsoft::VisualStudio::CppUnitTestFramework::Assert::AreEqual(float,float,float,const wchar_t *,const Microsoft::VisualStudio::CppUnitTestFramework::__LineInfo *)'
  c:\program files (x86)\microsoft visual studio\2017\community\vc\auxiliary\vs\unittest\include\cppunittestassert.h(139): note: or       'void Microsoft::VisualStudio::CppUnitTestFramework::Assert::AreEqual(double,double,double,const wchar_t *,const Microsoft::VisualStudio::CppUnitTestFramework::__LineInfo *)'
  c:\users\soundwave\desktop\collectiontest\collectiontest\collectiontest\intbinarytreetests.cpp(25): note: while trying to match the argument list '(unsigned int, size_t, const wchar_t [20])'
c:\users\soundwave\desktop\collectiontest\collectiontest\collectiontest\intbinarytreetests.cpp(29): error C2665: 'Microsoft::VisualStudio::CppUnitTestFramework::Assert::AreEqual': none of the 8 overloads could convert all the argument types
  c:\program files (x86)\microsoft visual studio\2017\community\vc\auxiliary\vs\unittest\include\cppunittestassert.h(184): note: could be 'void Microsoft::VisualStudio::CppUnitTestFramework::Assert::AreEqual(const wchar_t *,const wchar_t *,bool,const wchar_t *,const Microsoft::VisualStudio::CppUnitTestFramework::__LineInfo *)'
  c:\program files (x86)\microsoft visual studio\2017\community\vc\auxiliary\vs\unittest\include\cppunittestassert.h(178): note: or       'void Microsoft::VisualStudio::CppUnitTestFramework::Assert::AreEqual(const wchar_t *,const wchar_t *,const wchar_t *,const Microsoft::VisualStudio::CppUnitTestFramework::__LineInfo *)'
  c:\program files (x86)\microsoft visual studio\2017\community\vc\auxiliary\vs\unittest\include\cppunittestassert.h(172): note: or       'void Microsoft::VisualStudio::CppUnitTestFramework::Assert::AreEqual(const wchar_t *,const wchar_t *,const char *,const Microsoft::VisualStudio::CppUnitTestFramework::__LineInfo *)'
  c:\program files (x86)\microsoft visual studio\2017\community\vc\auxiliary\vs\unittest\include\cppunittestassert.h(165): note: or       'void Microsoft::VisualStudio::CppUnitTestFramework::Assert::AreEqual(const char *,const char *,bool,const wchar_t *,const Microsoft::VisualStudio::CppUnitTestFramework::__LineInfo *)'
  c:\program files (x86)\microsoft visual studio\2017\community\vc\auxiliary\vs\unittest\include\cppunittestassert.h(159): note: or       'void Microsoft::VisualStudio::CppUnitTestFramework::Assert::AreEqual(const char *,const char *,const wchar_t *,const Microsoft::VisualStudio::CppUnitTestFramework::__LineInfo *)'
  c:\program files (x86)\microsoft visual studio\2017\community\vc\auxiliary\vs\unittest\include\cppunittestassert.h(153): note: or       'void Microsoft::VisualStudio::CppUnitTestFramework::Assert::AreEqual(const char *,const char *,const char *,const Microsoft::VisualStudio::CppUnitTestFramework::__LineInfo *)'
  c:\program files (x86)\microsoft visual studio\2017\community\vc\auxiliary\vs\unittest\include\cppunittestassert.h(146): note: or       'void Microsoft::VisualStudio::CppUnitTestFramework::Assert::AreEqual(float,float,float,const wchar_t *,const Microsoft::VisualStudio::CppUnitTestFramework::__LineInfo *)'
  c:\program files (x86)\microsoft visual studio\2017\community\vc\auxiliary\vs\unittest\include\cppunittestassert.h(139): note: or       'void Microsoft::VisualStudio::CppUnitTestFramework::Assert::AreEqual(double,double,double,const wchar_t *,const Microsoft::VisualStudio::CppUnitTestFramework::__LineInfo *)'
  c:\users\soundwave\desktop\collectiontest\collectiontest\collectiontest\intbinarytreetests.cpp(29): note: while trying to match the argument list '(unsigned int, size_t, const wchar_t [20])'
  LinkedLists.cpp
  unittest1.cpp
c:\users\soundwave\desktop\collectiontest\collectiontest\collectiontest\dintarr.h(83): warning C4267: 'initializing': conversion from 'size_t' to 'int', possible loss of data
  Generating Code...
